<?xml version="1.0" encoding="UTF-8"?>
<testng-results ignored="0" total="1" passed="1" failed="0" skipped="0">
  <reporter-output>
  </reporter-output>
  <suite started-at="2022-11-02T12:03:54 CET" name="User" finished-at="2022-11-02T12:04:22 CET" duration-ms="27946">
    <groups>
    </groups>
    <test started-at="2022-11-02T12:03:54 CET" name="User" finished-at="2022-11-02T12:04:22 CET" duration-ms="27946">
      <class name="com.telran.tests.bookstore.SearchBookTests">
        <test-method is-config="true" signature="init()[pri:0, instance:com.telran.tests.bookstore.SearchBookTests@449a4f23]" started-at="2022-11-02T12:03:54 CET" name="init" finished-at="2022-11-02T12:04:09 CET" duration-ms="14494" status="PASS">
          <reporter-output>
          </reporter-output>
        </test-method> <!-- init -->
        <test-method is-config="true" signature="startTest(java.lang.reflect.Method, [Ljava.lang.Object;)[pri:0, instance:com.telran.tests.bookstore.SearchBookTests@449a4f23]" started-at="2022-11-02T12:04:09 CET" name="startTest" finished-at="2022-11-02T12:04:09 CET" duration-ms="7" status="PASS">
          <params>
            <param index="0">
              <value>
                <![CDATA[public void com.telran.tests.bookstore.SearchBookTests.searchBookPositiveForGuestTest()]]>
              </value>
            </param>
            <param index="1">
              <value>
                <![CDATA[[Ljava.lang.Object;@1d81e101]]>
              </value>
            </param>
          </params>
          <reporter-output>
          </reporter-output>
        </test-method> <!-- startTest -->
        <test-method is-config="true" signature="ensurePrecondition()[pri:0, instance:com.telran.tests.bookstore.SearchBookTests@449a4f23]" started-at="2022-11-02T12:04:09 CET" name="ensurePrecondition" finished-at="2022-11-02T12:04:10 CET" duration-ms="1359" status="PASS">
          <reporter-output>
          </reporter-output>
        </test-method> <!-- ensurePrecondition -->
        <test-method signature="searchBookPositiveForGuestTest()[pri:0, instance:com.telran.tests.bookstore.SearchBookTests@449a4f23]" started-at="2022-11-02T12:04:10 CET" name="searchBookPositiveForGuestTest" finished-at="2022-11-02T12:04:22 CET" duration-ms="11902" status="PASS">
          <reporter-output>
          </reporter-output>
        </test-method> <!-- searchBookPositiveForGuestTest -->
        <test-method is-config="true" signature="stopTest(org.testng.ITestResult)[pri:0, instance:com.telran.tests.bookstore.SearchBookTests@449a4f23]" started-at="2022-11-02T12:04:22 CET" name="stopTest" finished-at="2022-11-02T12:04:22 CET" duration-ms="5" status="PASS">
          <params>
            <param index="0">
              <value>
                <![CDATA[[TestResult name=searchBookPositiveForGuestTest status=SUCCESS method=SearchBookTests.searchBookPositiveForGuestTest()[pri:0, instance:com.telran.tests.bookstore.SearchBookTests@449a4f23] output={null}]]]>
              </value>
            </param>
          </params>
          <reporter-output>
          </reporter-output>
        </test-method> <!-- stopTest -->
        <test-method is-config="true" signature="tearDown()[pri:0, instance:com.telran.tests.bookstore.SearchBookTests@449a4f23]" started-at="2022-11-02T12:04:22 CET" name="tearDown" finished-at="2022-11-02T12:04:22 CET" duration-ms="147" status="PASS">
          <reporter-output>
          </reporter-output>
        </test-method> <!-- tearDown -->
      </class> <!-- com.telran.tests.bookstore.SearchBookTests -->
    </test> <!-- User -->
  </suite> <!-- User -->
</testng-results>
