<?xml version="1.0" encoding="UTF-8"?>
<testng-results ignored="0" total="2" passed="2" failed="0" skipped="0">
  <reporter-output>
  </reporter-output>
  <suite started-at="2022-11-01T11:23:17 CET" name="User" finished-at="2022-11-01T11:23:58 CET" duration-ms="41386">
    <groups>
    </groups>
    <test started-at="2022-11-01T11:23:17 CET" name="User" finished-at="2022-11-01T11:23:58 CET" duration-ms="41386">
      <class name="com.telran.tests.bookstore.LoginTests">
        <test-method is-config="true" signature="init()[pri:0, instance:com.telran.tests.bookstore.LoginTests@470734c3]" started-at="2022-11-01T11:23:17 CET" name="init" finished-at="2022-11-01T11:23:23 CET" duration-ms="6323" status="PASS">
          <reporter-output>
          </reporter-output>
        </test-method> <!-- init -->
        <test-method is-config="true" signature="startTest(java.lang.reflect.Method, [Ljava.lang.Object;)[pri:0, instance:com.telran.tests.bookstore.LoginTests@470734c3]" started-at="2022-11-01T11:23:23 CET" name="startTest" finished-at="2022-11-01T11:23:23 CET" duration-ms="5" status="PASS">
          <params>
            <param index="0">
              <value>
                <![CDATA[public void com.telran.tests.bookstore.LoginTests.loginPositiveParametersTest(java.lang.String,java.lang.String)]]>
              </value>
            </param>
            <param index="1">
              <value>
                <![CDATA[[Ljava.lang.Object;@6f8e0cee]]>
              </value>
            </param>
          </params>
          <reporter-output>
          </reporter-output>
        </test-method> <!-- startTest -->
        <test-method is-config="true" signature="ensurePrecondition()[pri:0, instance:com.telran.tests.bookstore.LoginTests@470734c3]" started-at="2022-11-01T11:23:23 CET" name="ensurePrecondition" finished-at="2022-11-01T11:23:29 CET" duration-ms="6272" status="PASS">
          <reporter-output>
          </reporter-output>
        </test-method> <!-- ensurePrecondition -->
        <test-method signature="loginPositiveParametersTest(java.lang.String, java.lang.String)[pri:0, instance:com.telran.tests.bookstore.LoginTests@470734c3]" started-at="2022-11-01T11:23:29 CET" name="loginPositiveParametersTest" finished-at="2022-11-01T11:23:39 CET" duration-ms="9369" status="PASS">
          <params>
            <param index="0">
              <value>
                <![CDATA[test1@test.com]]>
              </value>
            </param>
            <param index="1">
              <value>
                <![CDATA[testTEST12!]]>
              </value>
            </param>
          </params>
          <reporter-output>
          </reporter-output>
        </test-method> <!-- loginPositiveParametersTest -->
        <test-method is-config="true" signature="logOut()[pri:0, instance:com.telran.tests.bookstore.LoginTests@470734c3]" started-at="2022-11-01T11:23:39 CET" name="logOut" finished-at="2022-11-01T11:23:39 CET" duration-ms="180" status="PASS">
          <reporter-output>
          </reporter-output>
        </test-method> <!-- logOut -->
        <test-method is-config="true" signature="stopTest(org.testng.ITestResult)[pri:0, instance:com.telran.tests.bookstore.LoginTests@470734c3]" started-at="2022-11-01T11:23:39 CET" name="stopTest" finished-at="2022-11-01T11:23:39 CET" duration-ms="1" status="PASS">
          <params>
            <param index="0">
              <value>
                <![CDATA[[TestResult name=loginPositiveParametersTest status=SUCCESS method=LoginTests.loginPositiveParametersTest(java.lang.String, java.lang.String)[pri:0, instance:com.telran.tests.bookstore.LoginTests@470734c3] output={null}]]]>
              </value>
            </param>
          </params>
          <reporter-output>
          </reporter-output>
        </test-method> <!-- stopTest -->
        <test-method is-config="true" signature="tearDown()[pri:0, instance:com.telran.tests.bookstore.LoginTests@470734c3]" started-at="2022-11-01T11:23:39 CET" name="tearDown" finished-at="2022-11-01T11:23:39 CET" duration-ms="208" status="PASS">
          <reporter-output>
          </reporter-output>
        </test-method> <!-- tearDown -->
        <test-method is-config="true" signature="init()[pri:0, instance:com.telran.tests.bookstore.LoginTests@470734c3]" started-at="2022-11-01T11:23:39 CET" name="init" finished-at="2022-11-01T11:23:44 CET" duration-ms="4984" status="PASS">
          <reporter-output>
          </reporter-output>
        </test-method> <!-- init -->
        <test-method is-config="true" signature="startTest(java.lang.reflect.Method, [Ljava.lang.Object;)[pri:0, instance:com.telran.tests.bookstore.LoginTests@470734c3]" started-at="2022-11-01T11:23:44 CET" name="startTest" finished-at="2022-11-01T11:23:44 CET" duration-ms="2" status="PASS">
          <params>
            <param index="0">
              <value>
                <![CDATA[public void com.telran.tests.bookstore.LoginTests.loginPositiveTest()]]>
              </value>
            </param>
            <param index="1">
              <value>
                <![CDATA[[Ljava.lang.Object;@30331109]]>
              </value>
            </param>
          </params>
          <reporter-output>
          </reporter-output>
        </test-method> <!-- startTest -->
        <test-method is-config="true" signature="ensurePrecondition()[pri:0, instance:com.telran.tests.bookstore.LoginTests@470734c3]" started-at="2022-11-01T11:23:44 CET" name="ensurePrecondition" finished-at="2022-11-01T11:23:51 CET" duration-ms="7204" status="PASS">
          <reporter-output>
          </reporter-output>
        </test-method> <!-- ensurePrecondition -->
        <test-method signature="loginPositiveTest()[pri:0, instance:com.telran.tests.bookstore.LoginTests@470734c3]" started-at="2022-11-01T11:23:51 CET" name="loginPositiveTest" finished-at="2022-11-01T11:23:58 CET" duration-ms="6506" status="PASS">
          <reporter-output>
          </reporter-output>
        </test-method> <!-- loginPositiveTest -->
        <test-method is-config="true" signature="logOut()[pri:0, instance:com.telran.tests.bookstore.LoginTests@470734c3]" started-at="2022-11-01T11:23:58 CET" name="logOut" finished-at="2022-11-01T11:23:58 CET" duration-ms="184" status="PASS">
          <reporter-output>
          </reporter-output>
        </test-method> <!-- logOut -->
        <test-method is-config="true" signature="stopTest(org.testng.ITestResult)[pri:0, instance:com.telran.tests.bookstore.LoginTests@470734c3]" started-at="2022-11-01T11:23:58 CET" name="stopTest" finished-at="2022-11-01T11:23:58 CET" duration-ms="0" status="PASS">
          <params>
            <param index="0">
              <value>
                <![CDATA[[TestResult name=loginPositiveTest status=SUCCESS method=LoginTests.loginPositiveTest()[pri:0, instance:com.telran.tests.bookstore.LoginTests@470734c3] output={null}]]]>
              </value>
            </param>
          </params>
          <reporter-output>
          </reporter-output>
        </test-method> <!-- stopTest -->
        <test-method is-config="true" signature="tearDown()[pri:0, instance:com.telran.tests.bookstore.LoginTests@470734c3]" started-at="2022-11-01T11:23:58 CET" name="tearDown" finished-at="2022-11-01T11:23:58 CET" duration-ms="94" status="PASS">
          <reporter-output>
          </reporter-output>
        </test-method> <!-- tearDown -->
      </class> <!-- com.telran.tests.bookstore.LoginTests -->
    </test> <!-- User -->
  </suite> <!-- User -->
</testng-results>
